\BOOKMARK [-1][-]{part.1}{I\040Electromagnetism}{}% 1
\BOOKMARK [0][-]{chapter.1}{Brief\040history\040of\040Electromagnetism}{part.1}% 2
\BOOKMARK [0][-]{chapter.2}{Principles\040of\040Classical\040Electromagnetism}{part.1}% 3
\BOOKMARK [1][-]{section.2.1}{Principles\040of\040Classical\040Electromagnetism\040in\040Free\040Space}{chapter.2}% 4
\BOOKMARK [2][-]{subsection.2.1.1}{Principles\040in\040Differential\040Form}{section.2.1}% 5
\BOOKMARK [2][-]{subsection.2.1.2}{Principles\040in\040Integral\040Form:\040Electromagnetic\040Equations\040and\040Galilean\040Relativity}{section.2.1}% 6
\BOOKMARK [3][-]{subsubsection*.4}{Integral\040Form\040on\040Control\040Volumes}{subsection.2.1.2}% 7
\BOOKMARK [3][-]{subsubsection*.5}{Integral\040Form\040on\040Arbitrary\040Volumes}{subsection.2.1.2}% 8
\BOOKMARK [1][-]{section.2.2}{Electromagnetism\040in\040Matter}{chapter.2}% 9
\BOOKMARK [2][-]{subsection.2.2.1}{Equations\040of\040electromagnetism\040in\040matter}{section.2.2}% 10
\BOOKMARK [2][-]{subsection.2.2.2}{Examples}{section.2.2}% 11
\BOOKMARK [2][-]{subsection.2.2.3}{Governing\040equations\040in\040differential\040form}{section.2.2}% 12
\BOOKMARK [2][-]{subsection.2.2.4}{Governing\040equation\040in\040integral\040form}{section.2.2}% 13
\BOOKMARK [2][-]{subsection.2.2.5}{Jump\040Conditions}{section.2.2}% 14
\BOOKMARK [2][-]{subsection.2.2.6}{Polarization}{section.2.2}% 15
\BOOKMARK [3][-]{subsubsection*.6}{Single\040Electric\040Dipole}{subsection.2.2.6}% 16
\BOOKMARK [3][-]{subsubsection*.7}{Continuous\040Distribution\040of\040Dipoles}{subsection.2.2.6}% 17
\BOOKMARK [3][-]{subsubsection*.8}{Reformulation of Maxwell’s Equations and Charge Continuity}{subsection.2.2.6}% 18
\BOOKMARK [2][-]{subsection.2.2.7}{Magnetization}{section.2.2}% 19
\BOOKMARK [3][-]{subsubsection*.9}{Single\040Magnetic\040Moment\040\(Limit\040of\040an\040Elementary\040Loop\)}{subsection.2.2.7}% 20
\BOOKMARK [3][-]{subsubsection*.10}{Continuous\040Distribution\040of\040Magnetic\040Moment}{subsection.2.2.7}% 21
\BOOKMARK [3][-]{subsubsection*.11}{Reformulation of Maxwell’s Equations and Charge Continuity}{subsection.2.2.7}% 22
\BOOKMARK [1][-]{section.2.3}{Galileian\040relativity\040in\040electromagnetism}{chapter.2}% 23
\BOOKMARK [0][-]{chapter.3}{Electromagnetic\040waves}{part.1}% 24
\BOOKMARK [1][-]{section.3.1}{Electromagnetic\040Potentials}{chapter.3}% 25
\BOOKMARK [2][-]{subsection.3.1.1}{Vector\040Potential\040and\040Scalar\040Potential}{section.3.1}% 26
\BOOKMARK [2][-]{subsection.3.1.2}{Gauge\040Conditions}{section.3.1}% 27
\BOOKMARK [1][-]{section.3.2}{Wave\040Equations\040in\040Electromagnetism}{chapter.3}% 28
\BOOKMARK [2][-]{subsection.3.2.1}{Electromagnetic\040Potentials}{section.3.2}% 29
\BOOKMARK [3][-]{subsubsection*.12}{Vector\040potential}{subsection.3.2.1}% 30
\BOOKMARK [3][-]{subsubsection*.13}{Scalar\040potential}{subsection.3.2.1}% 31
\BOOKMARK [2][-]{subsection.3.2.2}{Electric\040Field\040and\040Magnetic\040Field}{section.3.2}% 32
\BOOKMARK [3][-]{subsubsection*.15}{Electric\040field}{subsection.3.2.2}% 33
\BOOKMARK [3][-]{subsubsection*.16}{Magnetic\040field}{subsection.3.2.2}% 34
\BOOKMARK [1][-]{section.3.3}{Plane\040Electromagnetic\040Waves}{chapter.3}% 35
\BOOKMARK [2][-]{subsection.3.3.1}{Snell’s Law at an Interface}{section.3.3}% 36
\BOOKMARK [0][-]{chapter.4}{Force,\040moments,\040energy\040and\040momentum\040in\040electromagnetism}{part.1}% 37
\BOOKMARK [1][-]{section.4.1}{Force,\040moment,\040and\040power\040on\040elementary\040charge\040distributions}{chapter.4}% 38
\BOOKMARK [2][-]{subsection.4.1.1}{Force,\040moment\040and\040power\040on\040a\040point\040electric\040charge}{section.4.1}% 39
\BOOKMARK [2][-]{subsection.4.1.2}{Force,\040moment\040and\040power\040on\040a\040electric\040dipole}{section.4.1}% 40
\BOOKMARK [2][-]{subsection.4.1.3}{Force,\040moment\040and\040power\040on\040a\040magnetic\040dipole}{section.4.1}% 41
\BOOKMARK [2][-]{subsection.4.1.4}{Energy\040balance}{section.4.1}% 42
\BOOKMARK [1][-]{section.4.2}{Energy\040and\040momentum\040balance\040in\040linear,\040local,\040isotropic,\040non-dispersive\040media}{chapter.4}% 43
\BOOKMARK [2][-]{subsection.4.2.1}{Energy\040equation\040in\040differential\040form}{section.4.2}% 44
\BOOKMARK [2][-]{subsection.4.2.2}{Energy\040equation\040in\040integral\040form\040-\040control\040volumes}{section.4.2}% 45
\BOOKMARK [2][-]{subsection.4.2.3}{Energy\040equation\040in\040integral\040form\040-\040arbitrary\040domains}{section.4.2}% 46
\BOOKMARK [2][-]{subsection.4.2.4}{Linear\040isotropic\040media}{section.4.2}% 47
\BOOKMARK [3][-]{subsubsection*.18}{Energy\040equation}{subsection.4.2.4}% 48
\BOOKMARK [3][-]{subsubsection*.19}{Momentum}{subsection.4.2.4}% 49
\BOOKMARK [0][-]{chapter.5}{Regimes\040in\040Electromagnetic\040systems}{part.1}% 50
\BOOKMARK [1][-]{section.5.1}{Non-dimensional\040equations\040of\040electromagnetism}{chapter.5}% 51
\BOOKMARK [1][-]{section.5.2}{Electrostatics}{chapter.5}% 52
\BOOKMARK [2][-]{subsection.5.2.1}{Governing\040equation\040of\040electrostatics}{section.5.2}% 53
\BOOKMARK [2][-]{subsection.5.2.2}{Zero\040electric\040field\040inside\040a\040conductor}{section.5.2}% 54
\BOOKMARK [1][-]{section.5.3}{Steady\040regime}{chapter.5}% 55
\BOOKMARK [1][-]{section.5.4}{Slow\040regime}{chapter.5}% 56
\BOOKMARK [-1][-]{part.2}{II\040Electrical\040Engineering}{}% 57
\BOOKMARK [0][-]{chapter.6}{Circuit\040Approximation}{part.2}% 58
\BOOKMARK [0][-]{chapter.7}{Energy\040balance\040in\040circuit\040approximation}{part.2}% 59
\BOOKMARK [1][-]{section.7.1}{Boundary\040terms\040in\040circuit\040approximation}{chapter.7}% 60
\BOOKMARK [0][-]{chapter.8}{Electric\040circuits}{part.2}% 61
\BOOKMARK [1][-]{section.8.1}{Circuit\040Approximation}{chapter.8}% 62
\BOOKMARK [2][-]{subsection.8.1.1}{Electrical\040Wires}{section.8.1}% 63
\BOOKMARK [2][-]{subsection.8.1.2}{Kirchhoff’s Laws}{section.8.1}% 64
\BOOKMARK [2][-]{subsection.8.1.3}{Components}{section.8.1}% 65
\BOOKMARK [3][-]{subsubsection*.21}{Electrical\040Resistance}{subsection.8.1.3}% 66
\BOOKMARK [3][-]{subsubsection*.22}{Capacitor}{subsection.8.1.3}% 67
\BOOKMARK [3][-]{subsubsection*.23}{Inductor}{subsection.8.1.3}% 68
\BOOKMARK [3][-]{subsubsection*.24}{Voltage\040Generator}{subsection.8.1.3}% 69
\BOOKMARK [3][-]{subsubsection*.25}{Current\040Generator}{subsection.8.1.3}% 70
\BOOKMARK [3][-]{subsubsection*.26}{Diode}{subsection.8.1.3}% 71
\BOOKMARK [1][-]{section.8.2}{Elementary\040circuits}{chapter.8}% 72
\BOOKMARK [2][-]{subsection.8.2.1}{Series\040and\040Parallel\040Connections}{section.8.2}% 73
\BOOKMARK [2][-]{subsection.8.2.2}{Special\040Cases}{section.8.2}% 74
\BOOKMARK [3][-]{subsubsection*.27}{Open\040Circuit}{subsection.8.2.2}% 75
\BOOKMARK [3][-]{subsubsection*.28}{Short\040Circuit}{subsection.8.2.2}% 76
\BOOKMARK [1][-]{section.8.3}{Electromagnetic\040induction\040in\040circuit\040approximation}{chapter.8}% 77
\BOOKMARK [1][-]{section.8.4}{Operating\040Regimes}{chapter.8}% 78
\BOOKMARK [2][-]{subsection.8.4.1}{Steady-State\040Regime\040-\040Direct\040Current}{section.8.4}% 79
\BOOKMARK [2][-]{subsection.8.4.2}{Transient\040Regime}{section.8.4}% 80
\BOOKMARK [2][-]{subsection.8.4.3}{Periodic\040Regime\040-\040Alternating\040Current}{section.8.4}% 81
\BOOKMARK [2][-]{subsection.8.4.4}{AC-DC\040and\040DC-AC\040Conversion}{section.8.4}% 82
\BOOKMARK [3][-]{subsubsection*.29}{AC → DC, Using Rectifiers}{subsection.8.4.4}% 83
\BOOKMARK [3][-]{subsubsection*.30}{DC → AC, Using Inverters}{subsection.8.4.4}% 84
\BOOKMARK [0][-]{chapter.9}{Circuiti\040elettromagnetici}{part.2}% 85
\BOOKMARK [1][-]{section.9.1}{Trasformatore}{chapter.9}% 86
\BOOKMARK [2][-]{subsection.9.1.1}{Trasformatore\040ideale}{section.9.1}% 87
\BOOKMARK [2][-]{subsection.9.1.2}{Trasformatore\040con\040flussi\040dispersi}{section.9.1}% 88
\BOOKMARK [2][-]{subsection.9.1.3}{Trasformatore con flussi dispersi e riluttanza θFe nel traferro}{section.9.1}% 89
\BOOKMARK [0][-]{chapter.10}{Electromechanical\040Circuits}{part.2}% 90
\BOOKMARK [1][-]{section.10.1}{Conservative\040Electromechanical\040Systems}{chapter.10}% 91
\BOOKMARK [1][-]{section.10.2}{Governing\040Equations}{chapter.10}% 92
\BOOKMARK [1][-]{section.10.3}{Energy\040Balance}{chapter.10}% 93
\BOOKMARK [2][-]{subsection.10.3.1}{Macroscopic\040Mechanical\040Energy}{section.10.3}% 94
\BOOKMARK [2][-]{subsection.10.3.2}{Kinetic\040Energy}{section.10.3}% 95
\BOOKMARK [2][-]{subsection.10.3.3}{Total\040Energy}{section.10.3}% 96
\BOOKMARK [2][-]{subsection.10.3.4}{Internal\040Energy}{section.10.3}% 97
\BOOKMARK [2][-]{subsection.10.3.5}{Thermal\040\(Microscopic\)\040Internal\040Energy}{section.10.3}% 98
\BOOKMARK [0][-]{chapter.11}{Network\040analysis}{part.2}% 99
\BOOKMARK [1][-]{section.11.1}{Network\040analysis\040of\040linear\040circuits}{chapter.11}% 100
\BOOKMARK [2][-]{subsection.11.1.1}{Thevenin\040equivalent}{section.11.1}% 101
\BOOKMARK [3][-]{subsubsection*.31}{One-port\040circuit}{subsection.11.1.1}% 102
\BOOKMARK [3][-]{subsubsection*.32}{Many-port\040circuit}{subsection.11.1.1}% 103
\BOOKMARK [2][-]{subsection.11.1.2}{Norton\040equivalent}{section.11.1}% 104
\BOOKMARK [1][-]{section.11.2}{Network\040analysis\040of\040linear\040circuits\040-\040harmonic\040regime}{chapter.11}% 105
\BOOKMARK [2][-]{subsection.11.2.1}{Power}{section.11.2}% 106
\BOOKMARK [1][-]{section.11.3}{Three-phase\040circuits}{chapter.11}% 107
\BOOKMARK [2][-]{subsection.11.3.1}{Star-star\040network}{section.11.3}% 108
\BOOKMARK [3][-]{subsubsection*.33}{General\040solution}{subsection.11.3.1}% 109
\BOOKMARK [3][-]{subsubsection*.34}{Equilibrated\040generation\040and\040loads}{subsection.11.3.1}% 110
\BOOKMARK [3][-]{subsubsection*.35}{Extra\040connections}{subsection.11.3.1}% 111
\BOOKMARK [4][-]{paragraph*.36}{Phase-neutral\040connections}{subsubsection*.35}% 112
\BOOKMARK [4][-]{paragraph*.37}{Phase-phase\040connections}{subsubsection*.35}% 113
\BOOKMARK [1][-]{section.11.4}{Exercises}{chapter.11}% 114
\BOOKMARK [2][-]{subsection.11.4.1}{Transient\040dynamics\040of\040linear\040electrical\040grids\040with\040one\040dynamic\040component}{section.11.4}% 115
\BOOKMARK [2][-]{subsection.11.4.2}{Harmonic\040regime\040of\040linear\040electrical\040grids}{section.11.4}% 116
\BOOKMARK [2][-]{subsection.11.4.3}{Three-phase\040electrical\040circuits\040in\040harmonic\040regime}{section.11.4}% 117
\BOOKMARK [2][-]{subsection.11.4.4}{Electromagnetic\040circuits}{section.11.4}% 118
\BOOKMARK [-1][-]{part.3}{III\040Numerical\040Methods}{}% 119
\BOOKMARK [0][-]{chapter.12}{Green’s function method}{part.3}% 120
\BOOKMARK [1][-]{section.12.1}{Poisson\040equation}{chapter.12}% 121
\BOOKMARK [1][-]{section.12.2}{Helmholtz\040equation}{chapter.12}% 122
\BOOKMARK [1][-]{section.12.3}{Wave\040equation}{chapter.12}% 123
\BOOKMARK [0][-]{chapter.13}{Metodi\040numerici}{part.3}% 124
\BOOKMARK [1][-]{section.13.1}{Elettrostatica}{chapter.13}% 125
\BOOKMARK [2][-]{subsection.13.1.1}{Sorgente}{section.13.1}% 126
\BOOKMARK [2][-]{subsection.13.1.2}{Dipolo}{section.13.1}% 127
\BOOKMARK [-1][-]{part.4}{IV\040Appendices}{}% 128
\BOOKMARK [0][-]{chapter.14}{todo:\040appendices}{part.4}% 129
\BOOKMARK [0][-]{section*.55}{Proof\040Index}{part.4}% 130
